2020-03-31 16:16:56.401  INFO 8492 --- [main] c.cognizant.FeedBackSystem.Application   : Starting Application on javavdi32 with PID 8492 (C:\Users\javavdi16\Documents\capstone\FeedBackSystem\target\classes started by javavdi16 in C:\Users\javavdi16\Documents\capstone\FeedBackSystem)
2020-03-31 16:16:56.406  INFO 8492 --- [main] c.cognizant.FeedBackSystem.Application   : No active profile set, falling back to default profiles: default
2020-03-31 16:16:57.046  INFO 8492 --- [main] .s.d.r.c.RepositoryConfigurationDelegate : Bootstrapping Spring Data repositories in DEFAULT mode.
2020-03-31 16:16:57.157  INFO 8492 --- [main] .s.d.r.c.RepositoryConfigurationDelegate : Finished Spring Data repository scanning in 103ms. Found 4 repository interfaces.
2020-03-31 16:16:57.725  INFO 8492 --- [main] o.s.b.w.embedded.tomcat.TomcatWebServer  : Tomcat initialized with port(s): 9000 (http)
2020-03-31 16:16:57.756  INFO 8492 --- [main] o.apache.catalina.core.StandardService   : Starting service [Tomcat]
2020-03-31 16:16:57.757  INFO 8492 --- [main] org.apache.catalina.core.StandardEngine  : Starting Servlet Engine: Apache Tomcat/9.0.13
2020-03-31 16:16:57.766  INFO 8492 --- [main] o.a.catalina.core.AprLifecycleListener   : The APR based Apache Tomcat Native library which allows optimal performance in production environments was not found on the java.library.path: [C:\Program Files\Java\jdk1.8.0_212\bin;C:\WINDOWS\Sun\Java\bin;C:\WINDOWS\system32;C:\WINDOWS;C:/Program Files/Java/jre1.8.0_212/bin/server;C:/Program Files/Java/jre1.8.0_212/bin;C:/Program Files/Java/jre1.8.0_212/lib/amd64;C:\ProgramData\DockerDesktop\version-bin;C:\Program Files\Docker\Docker\Resources\bin;C:\Program Files (x86)\Common Files\Oracle\Java\javapath;C:\WINDOWS\system32;C:\WINDOWS;C:\WINDOWS\System32\Wbem;C:\WINDOWS\System32\WindowsPowerShell\v1.0\;C:\Program Files\Citrix\System32\;C:\Program Files\Citrix\ICAService\;C:\Program Files\Citrix\Virtual Desktop Agent\;C:\Program Files\nodejs\;C:\Program Files\Java\jdk1.8.0_212\bin;C:\Program Files (x86)\sbt\bin;D:\JavaSW\apache-maven-3.6.3-bin\apache-maven-3.6.3\bin;C:\Program Files\Microsoft VS Code\bin;C:\Program Files\Git\cmd;C:\Program Files (x86)\scala\bin;D:\JavaSW\gradle-6.2.2-all\gradle-6.2.2\bin;C:\Program Files\apache-maven-3.6.3\bin;C:\Users\javavdi16\AppData\Local\Microsoft\WindowsApps;;C:\Users\javavdi16\Downloads\sts-4.6.0.RELEASE;;.]
2020-03-31 16:16:57.914  INFO 8492 --- [main] o.a.c.c.C.[Tomcat].[localhost].[/]       : Initializing Spring embedded WebApplicationContext
2020-03-31 16:16:57.914  INFO 8492 --- [main] o.s.web.context.ContextLoader            : Root WebApplicationContext: initialization completed in 1473 ms
2020-03-31 16:16:58.403  INFO 8492 --- [main] org.mongodb.driver.cluster               : Cluster created with settings {hosts=[localhost:27017], mode=MULTIPLE, requiredClusterType=UNKNOWN, serverSelectionTimeout='30000 ms', maxWaitQueueSize=500}
2020-03-31 16:16:58.404  INFO 8492 --- [main] org.mongodb.driver.cluster               : Adding discovered server localhost:27017 to client view of cluster
2020-03-31 16:16:58.478  INFO 8492 --- [cluster-ClusterId{value='5e831fa2a8ce90212c8bdddf', description='null'}-localhost:27017] org.mongodb.driver.connection            : Opened connection [connectionId{localValue:1, serverValue:158}] to localhost:27017
2020-03-31 16:16:58.482  INFO 8492 --- [cluster-ClusterId{value='5e831fa2a8ce90212c8bdddf', description='null'}-localhost:27017] org.mongodb.driver.cluster               : Monitor thread successfully connected to server with description ServerDescription{address=localhost:27017, type=STANDALONE, state=CONNECTED, ok=true, version=ServerVersion{versionList=[4, 2, 5]}, minWireVersion=0, maxWireVersion=8, maxDocumentSize=16777216, logicalSessionTimeoutMinutes=30, roundTripTimeNanos=2790507}
2020-03-31 16:16:58.484  INFO 8492 --- [cluster-ClusterId{value='5e831fa2a8ce90212c8bdddf', description='null'}-localhost:27017] org.mongodb.driver.cluster               : Discovered cluster type of STANDALONE
2020-03-31 16:16:59.061  INFO 8492 --- [main] o.s.s.concurrent.ThreadPoolTaskExecutor  : Initializing ExecutorService 'applicationTaskExecutor'
2020-03-31 16:16:59.336  INFO 8492 --- [main] o.s.b.w.embedded.tomcat.TomcatWebServer  : Tomcat started on port(s): 9000 (http) with context path ''
2020-03-31 16:16:59.339  INFO 8492 --- [main] c.cognizant.FeedBackSystem.Application   : Started Application in 3.314 seconds (JVM running for 4.025)
2020-03-31 16:17:09.833  INFO 8492 --- [http-nio-9000-exec-1] o.a.c.c.C.[Tomcat].[localhost].[/]       : Initializing Spring DispatcherServlet 'dispatcherServlet'
2020-03-31 16:17:09.833  INFO 8492 --- [http-nio-9000-exec-1] o.s.web.servlet.DispatcherServlet        : Initializing Servlet 'dispatcherServlet'
2020-03-31 16:17:09.842  INFO 8492 --- [http-nio-9000-exec-1] o.s.web.servlet.DispatcherServlet        : Completed initialization in 8 ms
2020-03-31 16:17:24.095  INFO 8492 --- [http-nio-9000-exec-3] c.c.F.controller.UploadExcelController   : The file which are upload as follows
2020-03-31 16:17:24.098  INFO 8492 --- [http-nio-9000-exec-3] c.c.F.controller.UploadExcelController   : ]]]]===>> outreach event information
2020-03-31 16:17:24.100  INFO 8492 --- [http-nio-9000-exec-3] c.c.F.controller.UploadExcelController   : Processing the file outreach event information.xlsx
2020-03-31 16:17:24.602 ERROR 8492 --- [http-nio-9000-exec-3] io.github.mapper.excel.ExcelMapper       : Error raise on Sheet: Sheet1, Row: 56, Cell: 9
2020-03-31 16:17:24.605 ERROR 8492 --- [http-nio-9000-exec-3] io.github.mapper.excel.ExcelMapper       : Error raise on Sheet: Sheet1, Row: 56, Cell: 7
2020-03-31 16:17:24.608 ERROR 8492 --- [http-nio-9000-exec-3] io.github.mapper.excel.ExcelMapper       : Error raise on Sheet: Sheet1, Row: 56, Cell: 11
2020-03-31 16:17:24.609 ERROR 8492 --- [http-nio-9000-exec-3] io.github.mapper.excel.ExcelMapper       : Error raise on Sheet: Sheet1, Row: 56, Cell: 10
2020-03-31 16:17:24.610 ERROR 8492 --- [http-nio-9000-exec-3] io.github.mapper.excel.ExcelMapper       : Error raise on Sheet: Sheet1, Row: 57, Cell: 9
2020-03-31 16:17:24.611 ERROR 8492 --- [http-nio-9000-exec-3] io.github.mapper.excel.ExcelMapper       : Error raise on Sheet: Sheet1, Row: 57, Cell: 7
2020-03-31 16:17:24.612 ERROR 8492 --- [http-nio-9000-exec-3] io.github.mapper.excel.ExcelMapper       : Error raise on Sheet: Sheet1, Row: 57, Cell: 11
2020-03-31 16:17:24.613 ERROR 8492 --- [http-nio-9000-exec-3] io.github.mapper.excel.ExcelMapper       : Error raise on Sheet: Sheet1, Row: 57, Cell: 10
2020-03-31 16:17:24.690  INFO 8492 --- [http-nio-9000-exec-3] org.mongodb.driver.connection            : Opened connection [connectionId{localValue:2, serverValue:160}] to localhost:27017
2020-03-31 16:17:24.719  INFO 8492 --- [http-nio-9000-exec-3] c.c.FeedBackSystem.service.ProcessExcel  : Sucessfully saved outreach event information
2020-03-31 16:24:35.220  INFO 8492 --- [RMI TCP Connection(18)-127.0.0.1] inMXBeanRegistrar$SpringApplicationAdmin : Application shutdown requested.
2020-03-31 16:24:35.223  INFO 8492 --- [RMI TCP Connection(18)-127.0.0.1] o.s.s.concurrent.ThreadPoolTaskExecutor  : Shutting down ExecutorService 'applicationTaskExecutor'
2020-03-31 16:24:35.229  INFO 8492 --- [RMI TCP Connection(18)-127.0.0.1] org.mongodb.driver.connection            : Closed connection [connectionId{localValue:2, serverValue:160}] to localhost:27017 because the pool has been closed.
2020-03-31 16:24:42.759  INFO 12292 --- [main] c.cognizant.FeedBackSystem.Application   : Starting Application on javavdi32 with PID 12292 (C:\Users\javavdi16\Documents\capstone\FeedBackSystem\target\classes started by javavdi16 in C:\Users\javavdi16\Documents\capstone\FeedBackSystem)
2020-03-31 16:24:42.762  INFO 12292 --- [main] c.cognizant.FeedBackSystem.Application   : No active profile set, falling back to default profiles: default
2020-03-31 16:24:43.514  INFO 12292 --- [main] .s.d.r.c.RepositoryConfigurationDelegate : Bootstrapping Spring Data repositories in DEFAULT mode.
2020-03-31 16:24:43.659  INFO 12292 --- [main] .s.d.r.c.RepositoryConfigurationDelegate : Finished Spring Data repository scanning in 138ms. Found 4 repository interfaces.
2020-03-31 16:24:44.343  INFO 12292 --- [main] o.s.b.w.embedded.tomcat.TomcatWebServer  : Tomcat initialized with port(s): 9000 (http)
2020-03-31 16:24:44.402  INFO 12292 --- [main] o.apache.catalina.core.StandardService   : Starting service [Tomcat]
2020-03-31 16:24:44.402  INFO 12292 --- [main] org.apache.catalina.core.StandardEngine  : Starting Servlet Engine: Apache Tomcat/9.0.13
2020-03-31 16:24:44.411  INFO 12292 --- [main] o.a.catalina.core.AprLifecycleListener   : The APR based Apache Tomcat Native library which allows optimal performance in production environments was not found on the java.library.path: [C:\Program Files\Java\jdk1.8.0_212\bin;C:\WINDOWS\Sun\Java\bin;C:\WINDOWS\system32;C:\WINDOWS;C:/Program Files/Java/jre1.8.0_212/bin/server;C:/Program Files/Java/jre1.8.0_212/bin;C:/Program Files/Java/jre1.8.0_212/lib/amd64;C:\ProgramData\DockerDesktop\version-bin;C:\Program Files\Docker\Docker\Resources\bin;C:\Program Files (x86)\Common Files\Oracle\Java\javapath;C:\WINDOWS\system32;C:\WINDOWS;C:\WINDOWS\System32\Wbem;C:\WINDOWS\System32\WindowsPowerShell\v1.0\;C:\Program Files\Citrix\System32\;C:\Program Files\Citrix\ICAService\;C:\Program Files\Citrix\Virtual Desktop Agent\;C:\Program Files\nodejs\;C:\Program Files\Java\jdk1.8.0_212\bin;C:\Program Files (x86)\sbt\bin;D:\JavaSW\apache-maven-3.6.3-bin\apache-maven-3.6.3\bin;C:\Program Files\Microsoft VS Code\bin;C:\Program Files\Git\cmd;C:\Program Files (x86)\scala\bin;D:\JavaSW\gradle-6.2.2-all\gradle-6.2.2\bin;C:\Program Files\apache-maven-3.6.3\bin;C:\Users\javavdi16\AppData\Local\Microsoft\WindowsApps;;C:\Users\javavdi16\Downloads\sts-4.6.0.RELEASE;;.]
2020-03-31 16:24:44.565  INFO 12292 --- [main] o.a.c.c.C.[Tomcat].[localhost].[/]       : Initializing Spring embedded WebApplicationContext
2020-03-31 16:24:44.566  INFO 12292 --- [main] o.s.web.context.ContextLoader            : Root WebApplicationContext: initialization completed in 1755 ms
2020-03-31 16:24:45.150  INFO 12292 --- [main] org.mongodb.driver.cluster               : Cluster created with settings {hosts=[localhost:27017], mode=MULTIPLE, requiredClusterType=UNKNOWN, serverSelectionTimeout='30000 ms', maxWaitQueueSize=500}
2020-03-31 16:24:45.150  INFO 12292 --- [main] org.mongodb.driver.cluster               : Adding discovered server localhost:27017 to client view of cluster
2020-03-31 16:24:45.228  INFO 12292 --- [cluster-ClusterId{value='5e832175a8ce903004d6a58e', description='null'}-localhost:27017] org.mongodb.driver.connection            : Opened connection [connectionId{localValue:1, serverValue:175}] to localhost:27017
2020-03-31 16:24:45.232  INFO 12292 --- [cluster-ClusterId{value='5e832175a8ce903004d6a58e', description='null'}-localhost:27017] org.mongodb.driver.cluster               : Monitor thread successfully connected to server with description ServerDescription{address=localhost:27017, type=STANDALONE, state=CONNECTED, ok=true, version=ServerVersion{versionList=[4, 2, 5]}, minWireVersion=0, maxWireVersion=8, maxDocumentSize=16777216, logicalSessionTimeoutMinutes=30, roundTripTimeNanos=2689205}
2020-03-31 16:24:45.233  INFO 12292 --- [cluster-ClusterId{value='5e832175a8ce903004d6a58e', description='null'}-localhost:27017] org.mongodb.driver.cluster               : Discovered cluster type of STANDALONE
2020-03-31 16:24:45.866  INFO 12292 --- [main] o.s.s.concurrent.ThreadPoolTaskExecutor  : Initializing ExecutorService 'applicationTaskExecutor'
2020-03-31 16:24:46.148  INFO 12292 --- [main] o.s.b.w.embedded.tomcat.TomcatWebServer  : Tomcat started on port(s): 9000 (http) with context path ''
2020-03-31 16:24:46.151  INFO 12292 --- [main] c.cognizant.FeedBackSystem.Application   : Started Application in 3.814 seconds (JVM running for 4.615)
2020-03-31 16:25:13.426  INFO 12292 --- [http-nio-9000-exec-4] o.a.c.c.C.[Tomcat].[localhost].[/]       : Initializing Spring DispatcherServlet 'dispatcherServlet'
2020-03-31 16:25:13.427  INFO 12292 --- [http-nio-9000-exec-4] o.s.web.servlet.DispatcherServlet        : Initializing Servlet 'dispatcherServlet'
2020-03-31 16:25:13.435  INFO 12292 --- [http-nio-9000-exec-4] o.s.web.servlet.DispatcherServlet        : Completed initialization in 8 ms
2020-03-31 16:25:13.532  INFO 12292 --- [http-nio-9000-exec-4] c.c.F.controller.UploadExcelController   : The file which are upload as follows
2020-03-31 16:25:13.545  INFO 12292 --- [http-nio-9000-exec-4] c.c.F.controller.UploadExcelController   : ]]]]===>> outreach event information
2020-03-31 16:25:13.562  INFO 12292 --- [http-nio-9000-exec-4] c.c.F.controller.UploadExcelController   : Processing the file outreach event information.xlsx
2020-03-31 16:25:14.133 ERROR 12292 --- [http-nio-9000-exec-4] io.github.mapper.excel.ExcelMapper       : Error raise on Sheet: Sheet1, Row: 56, Cell: 9
2020-03-31 16:25:14.137 ERROR 12292 --- [http-nio-9000-exec-4] io.github.mapper.excel.ExcelMapper       : Error raise on Sheet: Sheet1, Row: 56, Cell: 7
2020-03-31 16:25:14.138 ERROR 12292 --- [http-nio-9000-exec-4] io.github.mapper.excel.ExcelMapper       : Error raise on Sheet: Sheet1, Row: 56, Cell: 11
2020-03-31 16:25:14.140 ERROR 12292 --- [http-nio-9000-exec-4] io.github.mapper.excel.ExcelMapper       : Error raise on Sheet: Sheet1, Row: 56, Cell: 10
2020-03-31 16:25:14.145 ERROR 12292 --- [http-nio-9000-exec-4] io.github.mapper.excel.ExcelMapper       : Error raise on Sheet: Sheet1, Row: 57, Cell: 9
2020-03-31 16:25:14.146 ERROR 12292 --- [http-nio-9000-exec-4] io.github.mapper.excel.ExcelMapper       : Error raise on Sheet: Sheet1, Row: 57, Cell: 7
2020-03-31 16:25:14.147 ERROR 12292 --- [http-nio-9000-exec-4] io.github.mapper.excel.ExcelMapper       : Error raise on Sheet: Sheet1, Row: 57, Cell: 11
2020-03-31 16:25:14.148 ERROR 12292 --- [http-nio-9000-exec-4] io.github.mapper.excel.ExcelMapper       : Error raise on Sheet: Sheet1, Row: 57, Cell: 10
2020-03-31 16:25:14.234  INFO 12292 --- [http-nio-9000-exec-4] org.mongodb.driver.connection            : Opened connection [connectionId{localValue:2, serverValue:177}] to localhost:27017
2020-03-31 16:25:14.263  INFO 12292 --- [http-nio-9000-exec-4] c.c.FeedBackSystem.service.ProcessExcel  : Sucessfully saved outreach event information
2020-03-31 17:00:44.574  INFO 12292 --- [RMI TCP Connection(45)-127.0.0.1] inMXBeanRegistrar$SpringApplicationAdmin : Application shutdown requested.
2020-03-31 17:00:44.578  INFO 12292 --- [RMI TCP Connection(45)-127.0.0.1] o.s.s.concurrent.ThreadPoolTaskExecutor  : Shutting down ExecutorService 'applicationTaskExecutor'
2020-03-31 17:00:44.582  INFO 12292 --- [RMI TCP Connection(45)-127.0.0.1] org.mongodb.driver.connection            : Closed connection [connectionId{localValue:2, serverValue:177}] to localhost:27017 because the pool has been closed.
2020-03-31 17:04:38.242  INFO 5060 --- [main] c.cognizant.FeedBackSystem.Application   : Starting Application on javavdi32 with PID 5060 (C:\Users\javavdi16\Documents\capstone\FeedBackSystem\target\classes started by javavdi16 in C:\Users\javavdi16\Documents\capstone\FeedBackSystem)
2020-03-31 17:04:38.246  INFO 5060 --- [main] c.cognizant.FeedBackSystem.Application   : No active profile set, falling back to default profiles: default
2020-03-31 17:04:38.910  INFO 5060 --- [main] .s.d.r.c.RepositoryConfigurationDelegate : Bootstrapping Spring Data repositories in DEFAULT mode.
2020-03-31 17:04:39.013  INFO 5060 --- [main] .s.d.r.c.RepositoryConfigurationDelegate : Finished Spring Data repository scanning in 97ms. Found 4 repository interfaces.
2020-03-31 17:04:39.546  INFO 5060 --- [main] o.s.b.w.embedded.tomcat.TomcatWebServer  : Tomcat initialized with port(s): 9000 (http)
2020-03-31 17:04:39.574  INFO 5060 --- [main] o.apache.catalina.core.StandardService   : Starting service [Tomcat]
2020-03-31 17:04:39.575  INFO 5060 --- [main] org.apache.catalina.core.StandardEngine  : Starting Servlet Engine: Apache Tomcat/9.0.13
2020-03-31 17:04:39.584  INFO 5060 --- [main] o.a.catalina.core.AprLifecycleListener   : The APR based Apache Tomcat Native library which allows optimal performance in production environments was not found on the java.library.path: [C:\Program Files\Java\jdk1.8.0_212\bin;C:\WINDOWS\Sun\Java\bin;C:\WINDOWS\system32;C:\WINDOWS;C:/Program Files/Java/jre1.8.0_212/bin/server;C:/Program Files/Java/jre1.8.0_212/bin;C:/Program Files/Java/jre1.8.0_212/lib/amd64;C:\ProgramData\DockerDesktop\version-bin;C:\Program Files\Docker\Docker\Resources\bin;C:\Program Files (x86)\Common Files\Oracle\Java\javapath;C:\WINDOWS\system32;C:\WINDOWS;C:\WINDOWS\System32\Wbem;C:\WINDOWS\System32\WindowsPowerShell\v1.0\;C:\Program Files\Citrix\System32\;C:\Program Files\Citrix\ICAService\;C:\Program Files\Citrix\Virtual Desktop Agent\;C:\Program Files\nodejs\;C:\Program Files\Java\jdk1.8.0_212\bin;C:\Program Files (x86)\sbt\bin;D:\JavaSW\apache-maven-3.6.3-bin\apache-maven-3.6.3\bin;C:\Program Files\Microsoft VS Code\bin;C:\Program Files\Git\cmd;C:\Program Files (x86)\scala\bin;D:\JavaSW\gradle-6.2.2-all\gradle-6.2.2\bin;C:\Program Files\apache-maven-3.6.3\bin;C:\Users\javavdi16\AppData\Local\Microsoft\WindowsApps;;C:\Users\javavdi16\Downloads\sts-4.6.0.RELEASE;;.]
2020-03-31 17:04:39.740  INFO 5060 --- [main] o.a.c.c.C.[Tomcat].[localhost].[/]       : Initializing Spring embedded WebApplicationContext
2020-03-31 17:04:39.741  INFO 5060 --- [main] o.s.web.context.ContextLoader            : Root WebApplicationContext: initialization completed in 1457 ms
2020-03-31 17:04:40.261  INFO 5060 --- [main] org.mongodb.driver.cluster               : Cluster created with settings {hosts=[localhost:27017], mode=MULTIPLE, requiredClusterType=UNKNOWN, serverSelectionTimeout='30000 ms', maxWaitQueueSize=500}
2020-03-31 17:04:40.262  INFO 5060 --- [main] org.mongodb.driver.cluster               : Adding discovered server localhost:27017 to client view of cluster
2020-03-31 17:04:40.339  INFO 5060 --- [cluster-ClusterId{value='5e832ad0a8ce9013c4b44ab4', description='null'}-localhost:27017] org.mongodb.driver.connection            : Opened connection [connectionId{localValue:1, serverValue:260}] to localhost:27017
2020-03-31 17:04:40.343  INFO 5060 --- [cluster-ClusterId{value='5e832ad0a8ce9013c4b44ab4', description='null'}-localhost:27017] org.mongodb.driver.cluster               : Monitor thread successfully connected to server with description ServerDescription{address=localhost:27017, type=STANDALONE, state=CONNECTED, ok=true, version=ServerVersion{versionList=[4, 2, 5]}, minWireVersion=0, maxWireVersion=8, maxDocumentSize=16777216, logicalSessionTimeoutMinutes=30, roundTripTimeNanos=2434833}
2020-03-31 17:04:40.344  INFO 5060 --- [cluster-ClusterId{value='5e832ad0a8ce9013c4b44ab4', description='null'}-localhost:27017] org.mongodb.driver.cluster               : Discovered cluster type of STANDALONE
2020-03-31 17:04:40.973  INFO 5060 --- [main] o.s.s.concurrent.ThreadPoolTaskExecutor  : Initializing ExecutorService 'applicationTaskExecutor'
2020-03-31 17:04:41.265  INFO 5060 --- [main] o.s.b.w.embedded.tomcat.TomcatWebServer  : Tomcat started on port(s): 9000 (http) with context path ''
2020-03-31 17:04:41.268  INFO 5060 --- [main] c.cognizant.FeedBackSystem.Application   : Started Application in 3.401 seconds (JVM running for 4.139)
2020-03-31 17:05:55.713  INFO 5060 --- [http-nio-9000-exec-3] o.a.c.c.C.[Tomcat].[localhost].[/]       : Initializing Spring DispatcherServlet 'dispatcherServlet'
2020-03-31 17:05:55.714  INFO 5060 --- [http-nio-9000-exec-3] o.s.web.servlet.DispatcherServlet        : Initializing Servlet 'dispatcherServlet'
2020-03-31 17:05:55.721  INFO 5060 --- [http-nio-9000-exec-3] o.s.web.servlet.DispatcherServlet        : Completed initialization in 6 ms
2020-03-31 17:05:55.784  INFO 5060 --- [http-nio-9000-exec-3] c.c.F.controller.UploadExcelController   : The file which are upload as follows
2020-03-31 17:05:55.789  INFO 5060 --- [http-nio-9000-exec-3] c.c.F.controller.UploadExcelController   : ]]]]===>> Volunteer_Enrollment Details_Not_Attend
2020-03-31 17:05:55.795  INFO 5060 --- [http-nio-9000-exec-3] c.c.F.controller.UploadExcelController   : Processing the file Volunteer_Enrollment Details_Not_Attend.xlsx
2020-03-31 17:05:56.290  INFO 5060 --- [http-nio-9000-exec-3] org.mongodb.driver.connection            : Opened connection [connectionId{localValue:2, serverValue:263}] to localhost:27017
2020-03-31 17:05:56.332  INFO 5060 --- [http-nio-9000-exec-3] c.c.FeedBackSystem.service.ProcessExcel  : Sucessfully saved Volunteer_Enrollment Details_Not_Attend
2020-03-31 17:15:53.055  INFO 5060 --- [http-nio-9000-exec-6] c.c.F.controller.UploadExcelController   : The file which are upload as follows
2020-03-31 17:15:53.056  INFO 5060 --- [http-nio-9000-exec-6] c.c.F.controller.UploadExcelController   : ]]]]===>> Volunteer_Enrollment Details_Unregistered
2020-03-31 17:15:53.060  INFO 5060 --- [http-nio-9000-exec-6] c.c.F.controller.UploadExcelController   : Processing the file Volunteer_Enrollment Details_Unregistered.xlsx
2020-03-31 17:15:53.142  INFO 5060 --- [http-nio-9000-exec-6] c.c.FeedBackSystem.service.ProcessExcel  : Sucessfully saved Volunteer_Enrollment Details_Unregistered
2020-03-31 17:18:12.079  INFO 5060 --- [RMI TCP Connection(25)-127.0.0.1] inMXBeanRegistrar$SpringApplicationAdmin : Application shutdown requested.
2020-03-31 17:18:12.082  INFO 5060 --- [RMI TCP Connection(25)-127.0.0.1] o.s.s.concurrent.ThreadPoolTaskExecutor  : Shutting down ExecutorService 'applicationTaskExecutor'
2020-03-31 17:18:12.086  INFO 5060 --- [RMI TCP Connection(25)-127.0.0.1] org.mongodb.driver.connection            : Closed connection [connectionId{localValue:2, serverValue:263}] to localhost:27017 because the pool has been closed.
